2025-09-22 14:48:57,444 | INFO | Starting CNN training...
2025-09-22 14:59:37,923 | INFO | Epoch 1/10 | Train Loss: 0.3247, Train Acc: 88.09% | Val Loss: 0.0783, Val Acc: 98.75%
2025-09-22 14:59:37,981 | INFO | Validation accuracy improved to 98.75%. Saved best model.
2025-09-22 15:10:09,193 | INFO | Epoch 2/10 | Train Loss: 0.2371, Train Acc: 91.48% | Val Loss: 0.0632, Val Acc: 99.43%
2025-09-22 15:10:09,257 | INFO | Validation accuracy improved to 99.43%. Saved best model.
2025-09-22 15:18:26,652 | INFO | Epoch 3/10 | Train Loss: 0.2153, Train Acc: 92.46% | Val Loss: 0.0571, Val Acc: 99.89%
2025-09-22 15:18:26,691 | INFO | Validation accuracy improved to 99.89%. Saved best model.
2025-09-22 15:26:46,074 | INFO | Epoch 4/10 | Train Loss: 0.2006, Train Acc: 92.49% | Val Loss: 0.1079, Val Acc: 97.84%
2025-09-22 15:35:49,725 | INFO | Epoch 5/10 | Train Loss: 0.1939, Train Acc: 92.74% | Val Loss: 0.1524, Val Acc: 94.21%
2025-09-22 15:45:38,006 | INFO | Epoch 6/10 | Train Loss: 0.1850, Train Acc: 92.95% | Val Loss: 0.1873, Val Acc: 92.62%
2025-09-22 15:55:25,246 | INFO | Epoch 7/10 | Train Loss: 0.1696, Train Acc: 93.18% | Val Loss: 0.1820, Val Acc: 92.74%
2025-09-22 16:04:53,176 | INFO | Epoch 8/10 | Train Loss: 0.1633, Train Acc: 93.67% | Val Loss: 0.3974, Val Acc: 80.59%
2025-09-22 16:14:03,587 | INFO | Epoch 9/10 | Train Loss: 0.1576, Train Acc: 93.62% | Val Loss: 0.2317, Val Acc: 91.71%
2025-09-22 16:22:32,113 | INFO | Epoch 10/10 | Train Loss: 0.1485, Train Acc: 93.98% | Val Loss: 0.4881, Val Acc: 79.91%
2025-09-22 16:22:32,114 | INFO | Training finished.
2025-09-22 16:34:51,957 | ERROR | Error initializing PaddleOCR: Unknown argument: show_log
2025-09-22 16:34:52,241 | INFO | CNN model loaded successfully.
2025-09-22 16:34:57,076 | ERROR | Error initializing PaddleOCR: Unknown argument: show_log
2025-09-22 16:34:57,206 | INFO | CNN model loaded successfully.
2025-09-22 16:35:23,506 | ERROR | Error initializing PaddleOCR: Unknown argument: show_log
2025-09-22 16:35:23,691 | INFO | CNN model loaded successfully.
2025-09-22 16:35:29,077 | ERROR | Error initializing PaddleOCR: Unknown argument: show_log
2025-09-22 16:35:29,225 | INFO | CNN model loaded successfully.
2025-09-22 16:35:46,790 | ERROR | Error initializing PaddleOCR: Unknown argument: show_log
2025-09-22 16:35:46,975 | INFO | CNN model loaded successfully.
2025-09-22 16:35:49,078 | ERROR | Error initializing PaddleOCR: Unknown argument: show_log
2025-09-22 16:35:49,264 | INFO | CNN model loaded successfully.
2025-09-22 16:47:41,569 | ERROR | Error initializing PaddleOCR: Unknown argument: show_log
2025-09-22 16:47:41,745 | INFO | CNN model loaded successfully.
2025-09-22 16:47:53,627 | ERROR | Error initializing PaddleOCR: Unknown argument: show_log
2025-09-22 16:47:53,808 | INFO | CNN model loaded successfully.
2025-09-22 16:47:55,437 | ERROR | Error initializing PaddleOCR: Unknown argument: show_log
2025-09-22 16:47:55,619 | INFO | CNN model loaded successfully.2025-09-22 22:25:26,091 | INFO | Starting CNN training...
2025-09-22 22:33:47,656 | INFO | Starting CNN training...
2025-09-22 22:46:23,856 | INFO | Epoch 1/30 | Train Loss: 0.2139, Train Acc: 92.03% | Val Loss: 0.0547, Val Acc: 97.84%
2025-09-22 22:46:23,918 | INFO | Validation accuracy improved to 97.84%. Saving best model.
2025-09-22 22:58:46,897 | INFO | Epoch 2/30 | Train Loss: 0.0826, Train Acc: 97.20% | Val Loss: 0.0096, Val Acc: 99.89%
2025-09-22 22:58:46,957 | INFO | Validation accuracy improved to 99.89%. Saving best model.
2025-09-22 23:10:35,708 | INFO | Epoch 3/30 | Train Loss: 0.0446, Train Acc: 98.77% | Val Loss: 0.0071, Val Acc: 99.77%
2025-09-22 23:22:37,456 | INFO | Epoch 4/30 | Train Loss: 0.0387, Train Acc: 98.77% | Val Loss: 0.0099, Val Acc: 99.55%
2025-09-22 23:38:14,151 | INFO | Epoch 5/30 | Train Loss: 0.0404, Train Acc: 98.73% | Val Loss: 0.0026, Val Acc: 99.89%
2025-09-23 00:00:31,282 | INFO | Epoch 6/30 | Train Loss: 0.0263, Train Acc: 99.21% | Val Loss: 0.0021, Val Acc: 99.89%
2025-09-23 00:22:58,891 | INFO | Epoch 7/30 | Train Loss: 0.0134, Train Acc: 99.56% | Val Loss: 0.0072, Val Acc: 99.66%
2025-09-23 00:22:58,893 | INFO | Early stopping triggered. Training stopped.
2025-09-23 00:22:58,893 | INFO | Average Train Accuracy: 97.75%
2025-09-23 00:22:58,893 | INFO | Average Validation Accuracy: 99.50%
2025-09-23 00:22:58,894 | INFO | Best Validation Accuracy: 99.89%
2025-09-23 00:22:58,894 | INFO | Training finished.
2025-09-23 00:56:37,779 | INFO | Predicted PAN with confidence 1.00
2025-09-23 00:56:38,387 | INFO | Predicted PAN with confidence 0.98
2025-09-23 00:56:39,016 | INFO | Predicted PAN with confidence 0.94
2025-09-23 00:56:39,736 | INFO | Predicted AADHAAR with confidence 1.00
2025-09-23 00:56:40,330 | INFO | Predicted OTHER with confidence 0.64
2025-09-23 00:56:40,909 | INFO | Predicted PAN with confidence 0.99
2025-09-23 00:56:41,494 | INFO | Predicted OTHER with confidence 0.79
2025-09-23 00:56:42,079 | INFO | Predicted PAN with confidence 1.00
2025-09-23 00:56:42,660 | INFO | Predicted PAN with confidence 1.00
2025-09-23 00:59:48,197 | INFO | Predicted PAN with confidence 1.00
2025-09-23 00:59:48,770 | INFO | Predicted PAN with confidence 1.00
2025-09-23 00:59:49,339 | INFO | Predicted PAN with confidence 1.00
2025-09-23 01:02:22,711 | INFO | Predicted OTHER with confidence 1.00
2025-09-23 01:02:23,283 | INFO | Predicted OTHER with confidence 1.00
2025-09-23 01:02:23,862 | INFO | Predicted OTHER with confidence 1.00
2025-09-23 01:02:24,453 | INFO | Predicted OTHER with confidence 1.00
2025-09-23 01:07:36,462 | INFO | Predicted OTHER with confidence 1.00
2025-09-23 01:07:37,046 | INFO | Predicted OTHER with confidence 1.00
2025-09-23 01:07:37,643 | INFO | Predicted AADHAAR with confidence 1.00
2025-09-23 01:07:38,224 | INFO | Predicted AADHAAR with confidence 1.00
2025-09-23 01:07:38,804 | INFO | Predicted AADHAAR with confidence 1.00
2025-09-23 01:07:39,391 | INFO | Predicted AADHAAR with confidence 0.93
2025-09-23 01:07:39,969 | INFO | Predicted AADHAAR with confidence 0.95
2025-09-23 01:07:40,552 | INFO | Predicted AADHAAR with confidence 0.97
2025-09-23 01:08:43,555 | INFO | Predicted AADHAAR with confidence 1.00
2025-09-23 01:09:50,120 | INFO | Predicted AADHAAR with confidence 1.00
2025-09-23 01:09:50,704 | INFO | Predicted AADHAAR with confidence 1.00
2025-09-23 01:09:51,313 | INFO | Predicted AADHAAR with confidence 0.98
2025-09-23 01:10:51,253 | INFO | Predicted AADHAAR with confidence 1.00
2025-09-23 01:12:13,356 | INFO | Predicted AADHAAR with confidence 1.00
2025-09-23 01:14:43,662 | INFO | Predicted AADHAAR with confidence 1.00
2025-09-23 01:14:44,233 | INFO | Predicted AADHAAR with confidence 0.93
2025-09-23 01:14:44,791 | INFO | Predicted AADHAAR with confidence 1.00
2025-09-23 01:14:45,350 | INFO | Predicted AADHAAR with confidence 0.98
2025-09-23 01:14:45,915 | INFO | Predicted AADHAAR with confidence 1.00
2025-09-23 01:14:46,480 | INFO | Predicted AADHAAR with confidence 1.00
2025-09-23 01:14:47,268 | INFO | Predicted AADHAAR with confidence 1.00
2025-09-23 01:14:48,120 | INFO | Predicted AADHAAR with confidence 1.00
2025-09-23 01:14:48,703 | INFO | Predicted AADHAAR with confidence 1.00
2025-09-23 01:14:49,282 | INFO | Predicted AADHAAR with confidence 1.00
2025-09-23 01:14:50,055 | INFO | Predicted AADHAAR with confidence 1.00
2025-09-23 01:14:50,622 | INFO | Predicted AADHAAR with confidence 1.00
2025-09-23 01:14:51,819 | INFO | Predicted AADHAAR with confidence 1.00
2025-09-23 01:19:36,385 | INFO | Predicted AADHAAR with confidence 1.00
2025-09-23 01:20:50,980 | INFO | Predicted AADHAAR with confidence 1.00
2025-09-23 01:20:51,535 | INFO | Predicted AADHAAR with confidence 1.00
2025-09-23 01:20:52,115 | INFO | Predicted PAN with confidence 1.00
2025-09-23 01:20:52,689 | INFO | Predicted PAN with confidence 1.00
2025-09-23 01:20:53,367 | INFO | Predicted PAN with confidence 1.00
2025-09-23 01:20:53,935 | INFO | Predicted PAN with confidence 1.00
2025-09-23 01:20:54,495 | INFO | Predicted PAN with confidence 1.00
2025-09-23 01:20:55,058 | INFO | Predicted PAN with confidence 0.99
2025-09-23 01:20:55,616 | INFO | Predicted PAN with confidence 1.00
2025-09-23 01:20:56,166 | INFO | Predicted PAN with confidence 0.97
2025-09-23 01:20:56,722 | INFO | Predicted PAN with confidence 0.99
2025-09-23 01:20:57,282 | INFO | Predicted PAN with confidence 1.00
2025-09-23 01:20:57,850 | INFO | Predicted PAN with confidence 1.00
2025-09-23 01:22:29,119 | INFO | Predicted AADHAAR with confidence 1.00
2025-09-23 01:22:29,665 | INFO | Predicted AADHAAR with confidence 1.00
2025-09-23 01:22:30,243 | INFO | Predicted PAN with confidence 1.00
2025-09-23 01:22:30,824 | INFO | Predicted PAN with confidence 1.00
2025-09-23 01:22:31,521 | INFO | Predicted PAN with confidence 1.00
2025-09-23 01:22:32,087 | INFO | Predicted PAN with confidence 1.00
2025-09-23 01:22:32,640 | INFO | Predicted PAN with confidence 1.00
2025-09-23 01:22:33,200 | INFO | Predicted PAN with confidence 0.99
2025-09-23 01:22:33,757 | INFO | Predicted PAN with confidence 1.00
2025-09-23 01:22:34,322 | INFO | Predicted PAN with confidence 0.97
2025-09-23 01:22:34,892 | INFO | Predicted PAN with confidence 0.99
2025-09-23 01:22:35,459 | INFO | Predicted PAN with confidence 1.00
2025-09-23 01:22:36,025 | INFO | Predicted PAN with confidence 1.00
2025-09-23 01:22:36,589 | INFO | Predicted OTHER with confidence 1.00
2025-09-23 01:22:37,232 | INFO | Predicted OTHER with confidence 1.00
2025-09-23 01:22:37,793 | INFO | Predicted OTHER with confidence 0.99
2025-09-23 01:23:42,612 | INFO | Predicted OTHER with confidence 1.00
2025-09-23 01:50:01,703 | INFO | Predicted OTHER with confidence 1.00
